INFO  time: initialize in 0.75s
WARN  no build target: C:\Users\iannb\OneDrive\Documents\BC Senior Year_\Large Scale Data Processing\Mock-Bitcoin-Miner-Proj-1\src\main\scala\project_1\main.scala
WARN  no build target: C:\Users\iannb\OneDrive\Documents\BC Senior Year_\Large Scale Data Processing\Mock-Bitcoin-Miner-Proj-1\project\build.properties
INFO  skipping build import with status 'Requested'
INFO  running 'C:\Program Files\Java\jdk-15.0.2\bin\java -Djline.terminal=jline.UnsupportedTerminal -Dsbt.log.noformat=true -Dfile.encoding=UTF-8 -jar C:\Users\iannb\AppData\Local\Temp\metals1835805316468153935\sbt-launch.jar metalsEnable bloopInstall'
ERROR Getting org.fusesource.jansi jansi 1.11  (this may take some time)...
INFO  downloading https://repo1.maven.org/maven2/org/fusesource/jansi/jansi/1.11/jansi-1.11.jar ...
INFO  	[SUCCESSFUL ] org.fusesource.jansi#jansi;1.11!jansi.jar (101ms)
INFO  :: retrieving :: org.scala-sbt#boot-jansi
INFO  	confs: [default]
INFO  	1 artifacts copied, 0 already retrieved (111kB/53ms)
INFO  [info] welcome to sbt 1.4.8 (Oracle Corporation Java 15.0.2)
INFO  [info] loading settings for project global-plugins from metals.sbt ...
INFO  [info] loading global plugins from C:\Users\iannb\.sbt\1.0\plugins
INFO  [info] loading project definition from C:\Users\iannb\OneDrive\Documents\BC Senior Year_\Large Scale Data Processing\Mock-Bitcoin-Miner-Proj-1\project
INFO  [success] Generated .bloop\mock-bitcoin-miner-proj-1-build.json
INFO  [success] Total time: 5 s, completed Mar 19, 2021, 1:33:08 PM
INFO  [info] loading settings for project mock-bitcoin-miner-proj-1 from build.sbt ...
INFO  [info] set current project to project_1 (in build file:/C:/Users/iannb/OneDrive/Documents/BC%20Senior%20Year_/Large%20Scale%20Data%20Processing/Mock-Bitcoin-Miner-Proj-1/)
INFO  [info] set current project to project_1 (in build file:/C:/Users/iannb/OneDrive/Documents/BC%20Senior%20Year_/Large%20Scale%20Data%20Processing/Mock-Bitcoin-Miner-Proj-1/)
INFO  [info] semanticdb-scalac is enabled
INFO  [warn] There may be incompatibilities among your library dependencies; run 'evicted' to see detailed eviction warnings.
INFO  [success] Generated .bloop\mock-bitcoin-miner-proj-1.json
INFO  [success] Generated .bloop\mock-bitcoin-miner-proj-1-test.json
INFO  [success] Total time: 37 s, completed Mar 19, 2021, 1:33:55 PM
INFO  build tool exit: 0
INFO  time: ran 'sbt bloopInstall' in 2m
INFO  no build target: using presentation compiler with only scala-library
WARN  code navigation does not work for the file 'C:\Users\iannb\OneDrive\Documents\BC Senior Year_\Large Scale Data Processing\Mock-Bitcoin-Miner-Proj-1\src\main\scala\project_1\main.scala' because it doesn't belong to a build target.
WARN  code navigation does not work for the file 'C:\Users\iannb\OneDrive\Documents\BC Senior Year_\Large Scale Data Processing\Mock-Bitcoin-Miner-Proj-1\src\main\scala\project_1\main.scala' because it doesn't belong to a build target.
WARN  no build target: C:\Users\iannb\OneDrive\Documents\BC Senior Year_\Large Scale Data Processing\Mock-Bitcoin-Miner-Proj-1\src\main\scala\project_1\main.scala
WARN  no build target: C:\Users\iannb\OneDrive\Documents\BC Senior Year_\Large Scale Data Processing\Mock-Bitcoin-Miner-Proj-1\src\main\scala\project_1\main.scala
WARN  no build target: 
WARN  no build target: C:\Users\iannb\OneDrive\Documents\BC Senior Year_\Large Scale Data Processing\Mock-Bitcoin-Miner-Proj-1\src\main\scala\project_1\main.scala
WARN  no build target: 
WARN  code navigation does not work for the file 'C:\Users\iannb\OneDrive\Documents\BC Senior Year_\Large Scale Data Processing\Mock-Bitcoin-Miner-Proj-1\src\main\scala\project_1\main.scala' because it doesn't belong to a build target.
WARN  no build target: C:\Users\iannb\OneDrive\Documents\BC Senior Year_\Large Scale Data Processing\Mock-Bitcoin-Miner-Proj-1\src\main\scala\project_1\main.scala
WARN  no build target: C:\Users\iannb\OneDrive\Documents\BC Senior Year_\Large Scale Data Processing\Mock-Bitcoin-Miner-Proj-1\src\main\scala\project_1\main.scala
WARN  no build target: 
WARN  code navigation does not work for the file 'C:\Users\iannb\OneDrive\Documents\BC Senior Year_\Large Scale Data Processing\Mock-Bitcoin-Miner-Proj-1\src\main\scala\project_1\main.scala' because it doesn't belong to a build target.
WARN  no build target: C:\Users\iannb\OneDrive\Documents\BC Senior Year_\Large Scale Data Processing\Mock-Bitcoin-Miner-Proj-1\src\main\scala\project_1\main.scala
WARN  no build target: C:\Users\iannb\OneDrive\Documents\BC Senior Year_\Large Scale Data Processing\Mock-Bitcoin-Miner-Proj-1\src\main\scala\project_1\main.scala
WARN  no build target: 
WARN  code navigation does not work for the file 'C:\Users\iannb\OneDrive\Documents\BC Senior Year_\Large Scale Data Processing\Mock-Bitcoin-Miner-Proj-1\src\main\scala\project_1\main.scala' because it doesn't belong to a build target.
WARN  code navigation does not work for the file 'C:\Users\iannb\OneDrive\Documents\BC Senior Year_\Large Scale Data Processing\Mock-Bitcoin-Miner-Proj-1\src\main\scala\project_1\main.scala' because it doesn't belong to a build target.
WARN  code navigation does not work for the file 'C:\Users\iannb\OneDrive\Documents\BC Senior Year_\Large Scale Data Processing\Mock-Bitcoin-Miner-Proj-1\src\main\scala\project_1\main.scala' because it doesn't belong to a build target.
WARN  code navigation does not work for the file 'C:\Users\iannb\OneDrive\Documents\BC Senior Year_\Large Scale Data Processing\Mock-Bitcoin-Miner-Proj-1\src\main\scala\project_1\main.scala' because it doesn't belong to a build target.
WARN  code navigation does not work for the file 'C:\Users\iannb\OneDrive\Documents\BC Senior Year_\Large Scale Data Processing\Mock-Bitcoin-Miner-Proj-1\src\main\scala\project_1\main.scala' because it doesn't belong to a build target.
WARN  code navigation does not work for the file 'C:\Users\iannb\OneDrive\Documents\BC Senior Year_\Large Scale Data Processing\Mock-Bitcoin-Miner-Proj-1\src\main\scala\project_1\main.scala' because it doesn't belong to a build target.
WARN  code navigation does not work for the file 'C:\Users\iannb\OneDrive\Documents\BC Senior Year_\Large Scale Data Processing\Mock-Bitcoin-Miner-Proj-1\src\main\scala\project_1\main.scala' because it doesn't belong to a build target.
WARN  code navigation does not work for the file 'C:\Users\iannb\OneDrive\Documents\BC Senior Year_\Large Scale Data Processing\Mock-Bitcoin-Miner-Proj-1\src\main\scala\project_1\main.scala' because it doesn't belong to a build target.
WARN  code navigation does not work for the file 'C:\Users\iannb\OneDrive\Documents\BC Senior Year_\Large Scale Data Processing\Mock-Bitcoin-Miner-Proj-1\src\main\scala\project_1\main.scala' because it doesn't belong to a build target.
WARN  code navigation does not work for the file 'C:\Users\iannb\OneDrive\Documents\BC Senior Year_\Large Scale Data Processing\Mock-Bitcoin-Miner-Proj-1\src\main\scala\project_1\main.scala' because it doesn't belong to a build target.
WARN  code navigation does not work for the file 'C:\Users\iannb\OneDrive\Documents\BC Senior Year_\Large Scale Data Processing\Mock-Bitcoin-Miner-Proj-1\src\main\scala\project_1\main.scala' because it doesn't belong to a build target.
WARN  code navigation does not work for the file 'C:\Users\iannb\OneDrive\Documents\BC Senior Year_\Large Scale Data Processing\Mock-Bitcoin-Miner-Proj-1\src\main\scala\project_1\main.scala' because it doesn't belong to a build target.
WARN  code navigation does not work for the file 'C:\Users\iannb\OneDrive\Documents\BC Senior Year_\Large Scale Data Processing\Mock-Bitcoin-Miner-Proj-1\src\main\scala\project_1\main.scala' because it doesn't belong to a build target.
WARN  code navigation does not work for the file 'C:\Users\iannb\OneDrive\Documents\BC Senior Year_\Large Scale Data Processing\Mock-Bitcoin-Miner-Proj-1\src\main\scala\project_1\main.scala' because it doesn't belong to a build target.
WARN  no build target: C:\Users\iannb\OneDrive\Documents\BC Senior Year_\Large Scale Data Processing\Mock-Bitcoin-Miner-Proj-1\src\main\scala\project_1\main.scala
WARN  no build target: 
WARN  code navigation does not work for the file 'C:\Users\iannb\OneDrive\Documents\BC Senior Year_\Large Scale Data Processing\Mock-Bitcoin-Miner-Proj-1\src\main\scala\project_1\main.scala' because it doesn't belong to a build target.
WARN  no build target: C:\Users\iannb\OneDrive\Documents\BC Senior Year_\Large Scale Data Processing\Mock-Bitcoin-Miner-Proj-1\src\main\scala\project_1\main.scala
WARN  no build target: 
WARN  code navigation does not work for the file 'C:\Users\iannb\OneDrive\Documents\BC Senior Year_\Large Scale Data Processing\Mock-Bitcoin-Miner-Proj-1\src\main\scala\project_1\main.scala' because it doesn't belong to a build target.
WARN  no build target: C:\Users\iannb\OneDrive\Documents\BC Senior Year_\Large Scale Data Processing\Mock-Bitcoin-Miner-Proj-1\src\main\scala\project_1\main.scala
WARN  no build target: 
WARN  code navigation does not work for the file 'C:\Users\iannb\OneDrive\Documents\BC Senior Year_\Large Scale Data Processing\Mock-Bitcoin-Miner-Proj-1\src\main\scala\project_1\main.scala' because it doesn't belong to a build target.
WARN  no build target: C:\Users\iannb\OneDrive\Documents\BC Senior Year_\Large Scale Data Processing\Mock-Bitcoin-Miner-Proj-1\src\main\scala\project_1\main.scala
WARN  no build target: 
WARN  code navigation does not work for the file 'C:\Users\iannb\OneDrive\Documents\BC Senior Year_\Large Scale Data Processing\Mock-Bitcoin-Miner-Proj-1\src\main\scala\project_1\main.scala' because it doesn't belong to a build target.
WARN  code navigation does not work for the file 'C:\Users\iannb\OneDrive\Documents\BC Senior Year_\Large Scale Data Processing\Mock-Bitcoin-Miner-Proj-1\src\main\scala\project_1\main.scala' because it doesn't belong to a build target.
WARN  no build target: C:\Users\iannb\OneDrive\Documents\BC Senior Year_\Large Scale Data Processing\Mock-Bitcoin-Miner-Proj-1\src\main\scala\project_1\main.scala
WARN  code navigation does not work for the file 'C:\Users\iannb\OneDrive\Documents\BC Senior Year_\Large Scale Data Processing\Mock-Bitcoin-Miner-Proj-1\src\main\scala\project_1\main.scala' because it doesn't belong to a build target.
WARN  no build target: 
WARN  no build target: C:\Users\iannb\OneDrive\Documents\BC Senior Year_\Large Scale Data Processing\Mock-Bitcoin-Miner-Proj-1\src\main\scala\project_1\main.scala
WARN  no build target: 
WARN  no build target: C:\Users\iannb\OneDrive\Documents\BC Senior Year_\Large Scale Data Processing\Mock-Bitcoin-Miner-Proj-1\src\main\scala\project_1\main.scala
WARN  no build target: 
WARN  code navigation does not work for the file 'C:\Users\iannb\OneDrive\Documents\BC Senior Year_\Large Scale Data Processing\Mock-Bitcoin-Miner-Proj-1\src\main\scala\project_1\main.scala' because it doesn't belong to a build target.
WARN  no build target: C:\Users\iannb\OneDrive\Documents\BC Senior Year_\Large Scale Data Processing\Mock-Bitcoin-Miner-Proj-1\src\main\scala\project_1\main.scala
WARN  no build target: 
WARN  no build target: C:\Users\iannb\OneDrive\Documents\BC Senior Year_\Large Scale Data Processing\Mock-Bitcoin-Miner-Proj-1\src\main\scala\project_1\main.scala
WARN  no build target: C:\Users\iannb\OneDrive\Documents\BC Senior Year_\Large Scale Data Processing\Mock-Bitcoin-Miner-Proj-1\src\main\scala\project_1\main.scala
WARN  no build target: 
WARN  no build target: C:\Users\iannb\OneDrive\Documents\BC Senior Year_\Large Scale Data Processing\Mock-Bitcoin-Miner-Proj-1\src\main\scala\project_1\main.scala
WARN  no build target: 
WARN  code navigation does not work for the file 'C:\Users\iannb\OneDrive\Documents\BC Senior Year_\Large Scale Data Processing\Mock-Bitcoin-Miner-Proj-1\src\main\scala\project_1\main.scala' because it doesn't belong to a build target.
WARN  code navigation does not work for the file 'C:\Users\iannb\OneDrive\Documents\BC Senior Year_\Large Scale Data Processing\Mock-Bitcoin-Miner-Proj-1\src\main\scala\project_1\main.scala' because it doesn't belong to a build target.
WARN  no build target: C:\Users\iannb\OneDrive\Documents\BC Senior Year_\Large Scale Data Processing\Mock-Bitcoin-Miner-Proj-1\src\main\scala\project_1\main.scala
WARN  no build target: 
WARN  code navigation does not work for the file 'C:\Users\iannb\OneDrive\Documents\BC Senior Year_\Large Scale Data Processing\Mock-Bitcoin-Miner-Proj-1\src\main\scala\project_1\main.scala' because it doesn't belong to a build target.
WARN  code navigation does not work for the file 'C:\Users\iannb\OneDrive\Documents\BC Senior Year_\Large Scale Data Processing\Mock-Bitcoin-Miner-Proj-1\src\main\scala\project_1\main.scala' because it doesn't belong to a build target.
WARN  no build target: C:\Users\iannb\OneDrive\Documents\BC Senior Year_\Large Scale Data Processing\Mock-Bitcoin-Miner-Proj-1\src\main\scala\project_1\main.scala
WARN  no build target: 
WARN  no build target: C:\Users\iannb\OneDrive\Documents\BC Senior Year_\Large Scale Data Processing\Mock-Bitcoin-Miner-Proj-1\src\main\scala\project_1\main.scala
WARN  no build target: 
WARN  code navigation does not work for the file 'C:\Users\iannb\OneDrive\Documents\BC Senior Year_\Large Scale Data Processing\Mock-Bitcoin-Miner-Proj-1\src\main\scala\project_1\main.scala' because it doesn't belong to a build target.
WARN  code navigation does not work for the file 'C:\Users\iannb\OneDrive\Documents\BC Senior Year_\Large Scale Data Processing\Mock-Bitcoin-Miner-Proj-1\src\main\scala\project_1\main.scala' because it doesn't belong to a build target.
WARN  code navigation does not work for the file 'C:\Users\iannb\OneDrive\Documents\BC Senior Year_\Large Scale Data Processing\Mock-Bitcoin-Miner-Proj-1\src\main\scala\project_1\main.scala' because it doesn't belong to a build target.
WARN  code navigation does not work for the file 'C:\Users\iannb\OneDrive\Documents\BC Senior Year_\Large Scale Data Processing\Mock-Bitcoin-Miner-Proj-1\src\main\scala\project_1\main.scala' because it doesn't belong to a build target.
WARN  code navigation does not work for the file 'C:\Users\iannb\OneDrive\Documents\BC Senior Year_\Large Scale Data Processing\Mock-Bitcoin-Miner-Proj-1\src\main\scala\project_1\main.scala' because it doesn't belong to a build target.
WARN  code navigation does not work for the file 'C:\Users\iannb\OneDrive\Documents\BC Senior Year_\Large Scale Data Processing\Mock-Bitcoin-Miner-Proj-1\src\main\scala\project_1\main.scala' because it doesn't belong to a build target.
WARN  code navigation does not work for the file 'C:\Users\iannb\OneDrive\Documents\BC Senior Year_\Large Scale Data Processing\Mock-Bitcoin-Miner-Proj-1\src\main\scala\project_1\main.scala' because it doesn't belong to a build target.
WARN  code navigation does not work for the file 'C:\Users\iannb\OneDrive\Documents\BC Senior Year_\Large Scale Data Processing\Mock-Bitcoin-Miner-Proj-1\src\main\scala\project_1\main.scala' because it doesn't belong to a build target.
WARN  no build target: C:\Users\iannb\OneDrive\Documents\BC Senior Year_\Large Scale Data Processing\Mock-Bitcoin-Miner-Proj-1\src\main\scala\project_1\main.scala
WARN  no build target: 
WARN  code navigation does not work for the file 'C:\Users\iannb\OneDrive\Documents\BC Senior Year_\Large Scale Data Processing\Mock-Bitcoin-Miner-Proj-1\src\main\scala\project_1\main.scala' because it doesn't belong to a build target.
WARN  no build target: C:\Users\iannb\OneDrive\Documents\BC Senior Year_\Large Scale Data Processing\Mock-Bitcoin-Miner-Proj-1\src\main\scala\project_1\main.scala
WARN  code navigation does not work for the file 'C:\Users\iannb\OneDrive\Documents\BC Senior Year_\Large Scale Data Processing\Mock-Bitcoin-Miner-Proj-1\src\main\scala\project_1\main.scala' because it doesn't belong to a build target.
WARN  no build target: C:\Users\iannb\OneDrive\Documents\BC Senior Year_\Large Scale Data Processing\Mock-Bitcoin-Miner-Proj-1\src\main\scala\project_1\main.scala
WARN  no build target: 
WARN  no build target: C:\Users\iannb\OneDrive\Documents\BC Senior Year_\Large Scale Data Processing\Mock-Bitcoin-Miner-Proj-1\src\main\scala\project_1\main.scala
WARN  no build target: 
WARN  no build target: C:\Users\iannb\OneDrive\Documents\BC Senior Year_\Large Scale Data Processing\Mock-Bitcoin-Miner-Proj-1\src\main\scala\project_1\main.scala
WARN  no build target: 
WARN  code navigation does not work for the file 'C:\Users\iannb\OneDrive\Documents\BC Senior Year_\Large Scale Data Processing\Mock-Bitcoin-Miner-Proj-1\src\main\scala\project_1\main.scala' because it doesn't belong to a build target.
WARN  no build target: C:\Users\iannb\OneDrive\Documents\BC Senior Year_\Large Scale Data Processing\Mock-Bitcoin-Miner-Proj-1\src\main\scala\project_1\main.scala
WARN  no build target: 
WARN  code navigation does not work for the file 'C:\Users\iannb\OneDrive\Documents\BC Senior Year_\Large Scale Data Processing\Mock-Bitcoin-Miner-Proj-1\src\main\scala\project_1\main.scala' because it doesn't belong to a build target.
WARN  code navigation does not work for the file 'C:\Users\iannb\OneDrive\Documents\BC Senior Year_\Large Scale Data Processing\Mock-Bitcoin-Miner-Proj-1\src\main\scala\project_1\main.scala' because it doesn't belong to a build target.
WARN  code navigation does not work for the file 'C:\Users\iannb\OneDrive\Documents\BC Senior Year_\Large Scale Data Processing\Mock-Bitcoin-Miner-Proj-1\src\main\scala\project_1\main.scala' because it doesn't belong to a build target.
WARN  code navigation does not work for the file 'C:\Users\iannb\OneDrive\Documents\BC Senior Year_\Large Scale Data Processing\Mock-Bitcoin-Miner-Proj-1\src\main\scala\project_1\main.scala' because it doesn't belong to a build target.
WARN  code navigation does not work for the file 'C:\Users\iannb\OneDrive\Documents\BC Senior Year_\Large Scale Data Processing\Mock-Bitcoin-Miner-Proj-1\src\main\scala\project_1\main.scala' because it doesn't belong to a build target.
WARN  code navigation does not work for the file 'C:\Users\iannb\OneDrive\Documents\BC Senior Year_\Large Scale Data Processing\Mock-Bitcoin-Miner-Proj-1\src\main\scala\project_1\main.scala' because it doesn't belong to a build target.
WARN  code navigation does not work for the file 'C:\Users\iannb\OneDrive\Documents\BC Senior Year_\Large Scale Data Processing\Mock-Bitcoin-Miner-Proj-1\src\main\scala\project_1\main.scala' because it doesn't belong to a build target.
WARN  code navigation does not work for the file 'C:\Users\iannb\OneDrive\Documents\BC Senior Year_\Large Scale Data Processing\Mock-Bitcoin-Miner-Proj-1\src\main\scala\project_1\main.scala' because it doesn't belong to a build target.
WARN  no build target: C:\Users\iannb\OneDrive\Documents\BC Senior Year_\Large Scale Data Processing\Mock-Bitcoin-Miner-Proj-1\src\main\scala\project_1\main.scala
WARN  no build target: 
WARN  code navigation does not work for the file 'C:\Users\iannb\OneDrive\Documents\BC Senior Year_\Large Scale Data Processing\Mock-Bitcoin-Miner-Proj-1\src\main\scala\project_1\main.scala' because it doesn't belong to a build target.
WARN  no build target: C:\Users\iannb\OneDrive\Documents\BC Senior Year_\Large Scale Data Processing\Mock-Bitcoin-Miner-Proj-1\src\main\scala\project_1\main.scala
WARN  no build target: C:\Users\iannb\OneDrive\Documents\BC Senior Year_\Large Scale Data Processing\Mock-Bitcoin-Miner-Proj-1\src\main\scala\project_1\main.scala
WARN  no build target: 
WARN  no build target: C:\Users\iannb\OneDrive\Documents\BC Senior Year_\Large Scale Data Processing\Mock-Bitcoin-Miner-Proj-1\src\main\scala\project_1\main.scala
WARN  no build target: 
Mar 19, 2021 2:23:49 PM org.eclipse.lsp4j.jsonrpc.RemoteEndpoint handleCancellation
WARNING: Unmatched cancel notification for request id 460
WARN  code navigation does not work for the file 'C:\Users\iannb\OneDrive\Documents\BC Senior Year_\Large Scale Data Processing\Mock-Bitcoin-Miner-Proj-1\src\main\scala\project_1\main.scala' because it doesn't belong to a build target.
WARN  no build target: C:\Users\iannb\OneDrive\Documents\BC Senior Year_\Large Scale Data Processing\Mock-Bitcoin-Miner-Proj-1\src\main\scala\project_1\main.scala
WARN  no build target: 
WARN  code navigation does not work for the file 'C:\Users\iannb\OneDrive\Documents\BC Senior Year_\Large Scale Data Processing\Mock-Bitcoin-Miner-Proj-1\src\main\scala\project_1\main.scala' because it doesn't belong to a build target.
WARN  no build target: C:\Users\iannb\OneDrive\Documents\BC Senior Year_\Large Scale Data Processing\Mock-Bitcoin-Miner-Proj-1\src\main\scala\project_1\main.scala
WARN  no build target: 
WARN  no build target: C:\Users\iannb\OneDrive\Documents\BC Senior Year_\Large Scale Data Processing\Mock-Bitcoin-Miner-Proj-1\src\main\scala\project_1\main.scala
WARN  no build target: 
WARN  code navigation does not work for the file 'C:\Users\iannb\OneDrive\Documents\BC Senior Year_\Large Scale Data Processing\Mock-Bitcoin-Miner-Proj-1\src\main\scala\project_1\main.scala' because it doesn't belong to a build target.
WARN  no build target: C:\Users\iannb\OneDrive\Documents\BC Senior Year_\Large Scale Data Processing\Mock-Bitcoin-Miner-Proj-1\src\main\scala\project_1\main.scala
WARN  no build target: C:\Users\iannb\OneDrive\Documents\BC Senior Year_\Large Scale Data Processing\Mock-Bitcoin-Miner-Proj-1\src\main\scala\project_1\main.scala
WARN  no build target: 
WARN  code navigation does not work for the file 'C:\Users\iannb\OneDrive\Documents\BC Senior Year_\Large Scale Data Processing\Mock-Bitcoin-Miner-Proj-1\src\main\scala\project_1\main.scala' because it doesn't belong to a build target.
WARN  no build target: C:\Users\iannb\OneDrive\Documents\BC Senior Year_\Large Scale Data Processing\Mock-Bitcoin-Miner-Proj-1\src\main\scala\project_1\main.scala
WARN  no build target: C:\Users\iannb\OneDrive\Documents\BC Senior Year_\Large Scale Data Processing\Mock-Bitcoin-Miner-Proj-1\src\main\scala\project_1\main.scala
WARN  no build target: 
Mar 19, 2021 2:33:28 PM org.eclipse.lsp4j.jsonrpc.RemoteEndpoint handleCancellation
WARNING: Unmatched cancel notification for request id 514
WARN  no build target: C:\Users\iannb\OneDrive\Documents\BC Senior Year_\Large Scale Data Processing\Mock-Bitcoin-Miner-Proj-1\src\main\scala\project_1\main.scala
WARN  no build target: C:\Users\iannb\OneDrive\Documents\BC Senior Year_\Large Scale Data Processing\Mock-Bitcoin-Miner-Proj-1\src\main\scala\project_1\main.scala
WARN  no build target: 
WARN  no build target: C:\Users\iannb\OneDrive\Documents\BC Senior Year_\Large Scale Data Processing\Mock-Bitcoin-Miner-Proj-1\src\main\scala\project_1\main.scala
WARN  no build target: 
WARN  no build target: C:\Users\iannb\OneDrive\Documents\BC Senior Year_\Large Scale Data Processing\Mock-Bitcoin-Miner-Proj-1\src\main\scala\project_1\main.scala
WARN  no build target: 
WARN  no build target: C:\Users\iannb\OneDrive\Documents\BC Senior Year_\Large Scale Data Processing\Mock-Bitcoin-Miner-Proj-1\project\build.properties
INFO  skipping build import with status 'Installed'
WARN  code navigation does not work for the file 'C:\Users\iannb\OneDrive\Documents\BC Senior Year_\Large Scale Data Processing\Mock-Bitcoin-Miner-Proj-1\src\main\scala\project_1\main.scala' because it doesn't belong to a build target.
WARN  code navigation does not work for the file 'C:\Users\iannb\OneDrive\Documents\BC Senior Year_\Large Scale Data Processing\Mock-Bitcoin-Miner-Proj-1\src\main\scala\project_1\main.scala' because it doesn't belong to a build target.
WARN  code navigation does not work for the file 'C:\Users\iannb\OneDrive\Documents\BC Senior Year_\Large Scale Data Processing\Mock-Bitcoin-Miner-Proj-1\src\main\scala\project_1\main.scala' because it doesn't belong to a build target.
WARN  code navigation does not work for the file 'C:\Users\iannb\OneDrive\Documents\BC Senior Year_\Large Scale Data Processing\Mock-Bitcoin-Miner-Proj-1\src\main\scala\project_1\main.scala' because it doesn't belong to a build target.
WARN  no build target: C:\Users\iannb\OneDrive\Documents\BC Senior Year_\Large Scale Data Processing\Mock-Bitcoin-Miner-Proj-1\src\main\scala\project_1\main.scala
WARN  code navigation does not work for the file 'C:\Users\iannb\OneDrive\Documents\BC Senior Year_\Large Scale Data Processing\Mock-Bitcoin-Miner-Proj-1\src\main\scala\project_1\main.scala' because it doesn't belong to a build target.
WARN  no build target: C:\Users\iannb\OneDrive\Documents\BC Senior Year_\Large Scale Data Processing\Mock-Bitcoin-Miner-Proj-1\src\main\scala\project_1\main.scala
WARN  no build target: 
WARN  code navigation does not work for the file 'C:\Users\iannb\OneDrive\Documents\BC Senior Year_\Large Scale Data Processing\Mock-Bitcoin-Miner-Proj-1\src\main\scala\project_1\main.scala' because it doesn't belong to a build target.
WARN  no build target: C:\Users\iannb\OneDrive\Documents\BC Senior Year_\Large Scale Data Processing\Mock-Bitcoin-Miner-Proj-1\src\main\scala\project_1\main.scala
WARN  no build target: 
WARN  code navigation does not work for the file 'C:\Users\iannb\OneDrive\Documents\BC Senior Year_\Large Scale Data Processing\Mock-Bitcoin-Miner-Proj-1\src\main\scala\project_1\main.scala' because it doesn't belong to a build target.
WARN  no build target: C:\Users\iannb\OneDrive\Documents\BC Senior Year_\Large Scale Data Processing\Mock-Bitcoin-Miner-Proj-1\src\main\scala\project_1\main.scala
WARN  no build target: C:\Users\iannb\OneDrive\Documents\BC Senior Year_\Large Scale Data Processing\Mock-Bitcoin-Miner-Proj-1\src\main\scala\project_1\main.scala
WARN  no build target: 
WARN  no build target: C:\Users\iannb\OneDrive\Documents\BC Senior Year_\Large Scale Data Processing\Mock-Bitcoin-Miner-Proj-1\src\main\scala\project_1\main.scala
WARN  no build target: C:\Users\iannb\OneDrive\Documents\BC Senior Year_\Large Scale Data Processing\Mock-Bitcoin-Miner-Proj-1\src\main\scala\project_1\main.scala
WARN  no build target: 
WARN  code navigation does not work for the file 'C:\Users\iannb\OneDrive\Documents\BC Senior Year_\Large Scale Data Processing\Mock-Bitcoin-Miner-Proj-1\src\main\scala\project_1\main.scala' because it doesn't belong to a build target.
WARN  no build target: C:\Users\iannb\OneDrive\Documents\BC Senior Year_\Large Scale Data Processing\Mock-Bitcoin-Miner-Proj-1\src\main\scala\project_1\main.scala
WARN  no build target: C:\Users\iannb\OneDrive\Documents\BC Senior Year_\Large Scale Data Processing\Mock-Bitcoin-Miner-Proj-1\src\main\scala\project_1\main.scala
WARN  no build target: 
WARN  code navigation does not work for the file 'C:\Users\iannb\OneDrive\Documents\BC Senior Year_\Large Scale Data Processing\Mock-Bitcoin-Miner-Proj-1\src\main\scala\project_1\main.scala' because it doesn't belong to a build target.
WARN  no build target: C:\Users\iannb\OneDrive\Documents\BC Senior Year_\Large Scale Data Processing\Mock-Bitcoin-Miner-Proj-1\src\main\scala\project_1\main.scala
WARN  no build target: 
Mar 19, 2021 2:42:49 PM scala.meta.internal.pc.CompilerAccess handleError
SEVERE: Cannot invoke "scala.reflect.internal.Symbols$Symbol.isConstructor()" because the return value of "scala.reflect.internal.Trees$Tree.symbol()" is null
java.lang.NullPointerException: Cannot invoke "scala.reflect.internal.Symbols$Symbol.isConstructor()" because the return value of "scala.reflect.internal.Trees$Tree.symbol()" is null
	at scala.meta.internal.pc.HoverProvider.hover(HoverProvider.scala:37)

WARN  no build target: C:\Users\iannb\OneDrive\Documents\BC Senior Year_\Large Scale Data Processing\Mock-Bitcoin-Miner-Proj-1\src\main\scala\project_1\main.scala
WARN  no build target: C:\Users\iannb\OneDrive\Documents\BC Senior Year_\Large Scale Data Processing\Mock-Bitcoin-Miner-Proj-1\src\main\scala\project_1\main.scala
WARN  no build target: 
WARN  no build target: C:\Users\iannb\OneDrive\Documents\BC Senior Year_\Large Scale Data Processing\Mock-Bitcoin-Miner-Proj-1\src\main\scala\project_1\main.scala
WARN  no build target: 
WARN  no build target: C:\Users\iannb\OneDrive\Documents\BC Senior Year_\Large Scale Data Processing\Mock-Bitcoin-Miner-Proj-1\src\main\scala\project_1\main.scala
WARN  no build target: 
WARN  no build target: C:\Users\iannb\OneDrive\Documents\BC Senior Year_\Large Scale Data Processing\Mock-Bitcoin-Miner-Proj-1\src\main\scala\project_1\main.scala
WARN  code navigation does not work for the file 'C:\Users\iannb\OneDrive\Documents\BC Senior Year_\Large Scale Data Processing\Mock-Bitcoin-Miner-Proj-1\src\main\scala\project_1\main.scala' because it doesn't belong to a build target.
WARN  no build target: C:\Users\iannb\OneDrive\Documents\BC Senior Year_\Large Scale Data Processing\Mock-Bitcoin-Miner-Proj-1\src\main\scala\project_1\main.scala
WARN  no build target: 
WARN  code navigation does not work for the file 'C:\Users\iannb\OneDrive\Documents\BC Senior Year_\Large Scale Data Processing\Mock-Bitcoin-Miner-Proj-1\src\main\scala\project_1\main.scala' because it doesn't belong to a build target.
WARN  no build target: C:\Users\iannb\OneDrive\Documents\BC Senior Year_\Large Scale Data Processing\Mock-Bitcoin-Miner-Proj-1\src\main\scala\project_1\main.scala
  C:\Users\iannb\OneDrive\Documents\BC Senior Year_\Large Scale Data Processing\Mock-Bitcoin-Miner-Proj-1\src\main\scala\project_1\main.scala
WARN  no build target: C:\Users\iannb\OneDrive\Documents\BC Senior Year_\Large Scale Data Processing\Mock-Bitcoin-Miner-Proj-1\src\main\scala\project_1\main.scala
WARN  no build target: 
WARN  code navigation does not work for the file 'C:\Users\iannb\OneDrive\Documents\BC Senior Year_\Large Scale Data Processing\Mock-Bitcoin-Miner-Proj-1\src\main\scala\project_1\main.scala' because it doesn't belong to a build target.
WARN  code navigation does not work for the file 'C:\Users\iannb\OneDrive\Documents\BC Senior Year_\Large Scale Data Processing\Mock-Bitcoin-Miner-Proj-1\src\main\scala\project_1\main.scala' because it doesn't belong to a build target.
WARN  no build target: C:\Users\iannb\OneDrive\Documents\BC Senior Year_\Large Scale Data Processing\Mock-Bitcoin-Miner-Proj-1\src\main\scala\project_1\main.scala
WARN  no build target: 
